2020-03-01 01:04:35.712 FATAL EventoDaoImpl.findByCriteria:143 - llegamos ad
2020-03-01 01:04:35.712 FATAL EventoDaoImpl.findByCriteria:143 - llegamos ad
2020-03-01 01:04:35.787 INFO  EventoDaoImpl.findByCriteria:156 - resultado de la consulta :null
2020-03-01 01:04:35.787 INFO  EventoDaoImpl.findByCriteria:156 - resultado de la consulta :null
2020-03-01 01:04:36.004 FATAL EventoDaoImpl.findByCriteria:199 - no ah ido bien la query :
2020-03-01 01:04:36.004 FATAL EventoDaoImpl.findByCriteria:199 - no ah ido bien la query :
2020-03-01 01:08:01.156 FATAL EventoDaoImpl.findByCriteria:143 - llegamos ad
2020-03-01 01:08:01.156 FATAL EventoDaoImpl.findByCriteria:143 - llegamos ad
2020-03-01 01:08:01.175 INFO  EventoDaoImpl.findByCriteria:156 - resultado de la consulta :null
2020-03-01 01:08:01.175 INFO  EventoDaoImpl.findByCriteria:156 - resultado de la consulta :null
2020-03-01 02:51:15.662 FATAL EventoDaoImpl.findByCriteria:143 - llegamos ad
2020-03-01 02:51:15.662 FATAL EventoDaoImpl.findByCriteria:143 - llegamos ad
2020-03-01 02:51:15.737 INFO  EventoDaoImpl.findByCriteria:158 - resultado de la consulta :select ei.NOMBRE, e.ID_EVENTO,e.FECHA_HORA,e.ID_TIPO_EVENTO,e.ID_PROMOTOR,e.ID_LOCALIDAD,e.AFOROTOTAL,e.DIRECCION,ei.DESCRIPCION,ei.ID_IDIOMA,e.ID_LOCALIDAD  from evento e  INNER JOIN   evento_idioma ei ON ei.ID_EVENTO = e.ID_EVENTO WHERE e.FECHA_HORA  > ? 
2020-03-01 02:51:15.737 INFO  EventoDaoImpl.findByCriteria:158 - resultado de la consulta :select ei.NOMBRE, e.ID_EVENTO,e.FECHA_HORA,e.ID_TIPO_EVENTO,e.ID_PROMOTOR,e.ID_LOCALIDAD,e.AFOROTOTAL,e.DIRECCION,ei.DESCRIPCION,ei.ID_IDIOMA,e.ID_LOCALIDAD  from evento e  INNER JOIN   evento_idioma ei ON ei.ID_EVENTO = e.ID_EVENTO WHERE e.FECHA_HORA  > ? 
2020-03-01 03:13:27.857 FATAL EventoDaoImpl.findByCriteria:143 - llegamos ad
2020-03-01 03:13:27.857 FATAL EventoDaoImpl.findByCriteria:143 - llegamos ad
2020-03-01 03:13:27.873 INFO  EventoDaoImpl.findByCriteria:158 - resultado de la consulta :select ei.NOMBRE, e.ID_EVENTO,e.FECHA_HORA,e.ID_TIPO_EVENTO,e.ID_PROMOTOR,e.ID_LOCALIDAD,e.AFOROTOTAL,e.DIRECCION,ei.DESCRIPCION,ei.ID_IDIOMA,e.ID_LOCALIDAD  from evento e  INNER JOIN   evento_idioma ei ON ei.ID_EVENTO = e.ID_EVENTO WHERE e.FECHA_HORA  < ? 
2020-03-01 03:13:27.873 INFO  EventoDaoImpl.findByCriteria:158 - resultado de la consulta :select ei.NOMBRE, e.ID_EVENTO,e.FECHA_HORA,e.ID_TIPO_EVENTO,e.ID_PROMOTOR,e.ID_LOCALIDAD,e.AFOROTOTAL,e.DIRECCION,ei.DESCRIPCION,ei.ID_IDIOMA,e.ID_LOCALIDAD  from evento e  INNER JOIN   evento_idioma ei ON ei.ID_EVENTO = e.ID_EVENTO WHERE e.FECHA_HORA  < ? 
2020-03-01 03:14:41.963 FATAL EventoDaoImpl.findByCriteria:143 - llegamos ad
2020-03-01 03:14:41.963 FATAL EventoDaoImpl.findByCriteria:143 - llegamos ad
2020-03-01 03:14:41.980 INFO  EventoDaoImpl.findByCriteria:158 - resultado de la consulta :select ei.NOMBRE, e.ID_EVENTO,e.FECHA_HORA,e.ID_TIPO_EVENTO,e.ID_PROMOTOR,e.ID_LOCALIDAD,e.AFOROTOTAL,e.DIRECCION,ei.DESCRIPCION,ei.ID_IDIOMA,e.ID_LOCALIDAD  from evento e  INNER JOIN   evento_idioma ei ON ei.ID_EVENTO = e.ID_EVENTO WHERE e.FECHA_HORA  < ? 
2020-03-01 03:14:41.980 INFO  EventoDaoImpl.findByCriteria:158 - resultado de la consulta :select ei.NOMBRE, e.ID_EVENTO,e.FECHA_HORA,e.ID_TIPO_EVENTO,e.ID_PROMOTOR,e.ID_LOCALIDAD,e.AFOROTOTAL,e.DIRECCION,ei.DESCRIPCION,ei.ID_IDIOMA,e.ID_LOCALIDAD  from evento e  INNER JOIN   evento_idioma ei ON ei.ID_EVENTO = e.ID_EVENTO WHERE e.FECHA_HORA  < ? 
2020-03-01 03:16:50.359 FATAL EventoDaoImpl.findByCriteria:143 - llegamos ad
2020-03-01 03:16:50.359 FATAL EventoDaoImpl.findByCriteria:143 - llegamos ad
2020-03-01 03:16:50.376 INFO  EventoDaoImpl.findByCriteria:158 - resultado de la consulta :select ei.NOMBRE, e.ID_EVENTO,e.FECHA_HORA,e.ID_TIPO_EVENTO,e.ID_PROMOTOR,e.ID_LOCALIDAD,e.AFOROTOTAL,e.DIRECCION,ei.DESCRIPCION,ei.ID_IDIOMA,e.ID_LOCALIDAD  from evento e  INNER JOIN   evento_idioma ei ON ei.ID_EVENTO = e.ID_EVENTO WHERE e.FECHA_HORA  < ? 
2020-03-01 03:16:50.376 INFO  EventoDaoImpl.findByCriteria:158 - resultado de la consulta :select ei.NOMBRE, e.ID_EVENTO,e.FECHA_HORA,e.ID_TIPO_EVENTO,e.ID_PROMOTOR,e.ID_LOCALIDAD,e.AFOROTOTAL,e.DIRECCION,ei.DESCRIPCION,ei.ID_IDIOMA,e.ID_LOCALIDAD  from evento e  INNER JOIN   evento_idioma ei ON ei.ID_EVENTO = e.ID_EVENTO WHERE e.FECHA_HORA  < ? 
2020-03-01 03:31:06.419 FATAL EventoDaoImpl.findByCriteria:143 - llegamos ad
2020-03-01 03:31:06.419 FATAL EventoDaoImpl.findByCriteria:143 - llegamos ad
2020-03-01 03:31:06.435 INFO  EventoDaoImpl.findByCriteria:158 - resultado de la consulta :select ei.NOMBRE, e.ID_EVENTO,e.FECHA_HORA,e.ID_TIPO_EVENTO,e.ID_PROMOTOR,e.ID_LOCALIDAD,e.AFOROTOTAL,e.DIRECCION,ei.DESCRIPCION,ei.ID_IDIOMA,e.ID_LOCALIDAD  from evento e  INNER JOIN   evento_idioma ei ON ei.ID_EVENTO = e.ID_EVENTO  INNER JOIN   tipo_evento te ON te.ID_TIPO_EVENTO = e.ID_TIPO_EVENTO WHERE  te.ID_TIPO_EVENTO = ? 
2020-03-01 03:31:06.435 INFO  EventoDaoImpl.findByCriteria:158 - resultado de la consulta :select ei.NOMBRE, e.ID_EVENTO,e.FECHA_HORA,e.ID_TIPO_EVENTO,e.ID_PROMOTOR,e.ID_LOCALIDAD,e.AFOROTOTAL,e.DIRECCION,ei.DESCRIPCION,ei.ID_IDIOMA,e.ID_LOCALIDAD  from evento e  INNER JOIN   evento_idioma ei ON ei.ID_EVENTO = e.ID_EVENTO  INNER JOIN   tipo_evento te ON te.ID_TIPO_EVENTO = e.ID_TIPO_EVENTO WHERE  te.ID_TIPO_EVENTO = ? 
2020-03-01 03:31:39.924 FATAL EventoDaoImpl.findByCriteria:143 - llegamos ad
2020-03-01 03:31:39.924 FATAL EventoDaoImpl.findByCriteria:143 - llegamos ad
2020-03-01 03:31:39.940 INFO  EventoDaoImpl.findByCriteria:158 - resultado de la consulta :select ei.NOMBRE, e.ID_EVENTO,e.FECHA_HORA,e.ID_TIPO_EVENTO,e.ID_PROMOTOR,e.ID_LOCALIDAD,e.AFOROTOTAL,e.DIRECCION,ei.DESCRIPCION,ei.ID_IDIOMA,e.ID_LOCALIDAD  from evento e  INNER JOIN   evento_idioma ei ON ei.ID_EVENTO = e.ID_EVENTO 
2020-03-01 03:31:39.940 INFO  EventoDaoImpl.findByCriteria:158 - resultado de la consulta :select ei.NOMBRE, e.ID_EVENTO,e.FECHA_HORA,e.ID_TIPO_EVENTO,e.ID_PROMOTOR,e.ID_LOCALIDAD,e.AFOROTOTAL,e.DIRECCION,ei.DESCRIPCION,ei.ID_IDIOMA,e.ID_LOCALIDAD  from evento e  INNER JOIN   evento_idioma ei ON ei.ID_EVENTO = e.ID_EVENTO 
2020-03-01 03:32:25.346 FATAL EventoDaoImpl.findByCriteria:143 - llegamos ad
2020-03-01 03:32:25.346 FATAL EventoDaoImpl.findByCriteria:143 - llegamos ad
2020-03-01 03:32:25.362 INFO  EventoDaoImpl.findByCriteria:158 - resultado de la consulta :select ei.NOMBRE, e.ID_EVENTO,e.FECHA_HORA,e.ID_TIPO_EVENTO,e.ID_PROMOTOR,e.ID_LOCALIDAD,e.AFOROTOTAL,e.DIRECCION,ei.DESCRIPCION,ei.ID_IDIOMA,e.ID_LOCALIDAD  from evento e  INNER JOIN   evento_idioma ei ON ei.ID_EVENTO = e.ID_EVENTO 
2020-03-01 03:32:25.362 INFO  EventoDaoImpl.findByCriteria:158 - resultado de la consulta :select ei.NOMBRE, e.ID_EVENTO,e.FECHA_HORA,e.ID_TIPO_EVENTO,e.ID_PROMOTOR,e.ID_LOCALIDAD,e.AFOROTOTAL,e.DIRECCION,ei.DESCRIPCION,ei.ID_IDIOMA,e.ID_LOCALIDAD  from evento e  INNER JOIN   evento_idioma ei ON ei.ID_EVENTO = e.ID_EVENTO 
2020-03-01 03:38:20.772 FATAL EventoDaoImpl.findByCriteria:143 - llegamos ad
2020-03-01 03:38:20.772 FATAL EventoDaoImpl.findByCriteria:143 - llegamos ad
2020-03-01 03:38:20.788 FATAL EventoDaoImpl.findByCriteria:145 - llegamos c
2020-03-01 03:38:20.788 FATAL EventoDaoImpl.findByCriteria:145 - llegamos c
2020-03-01 03:38:20.789 INFO  EventoDaoImpl.findByCriteria:158 - resultado de la consulta :select ei.NOMBRE, e.ID_EVENTO,e.FECHA_HORA,e.ID_TIPO_EVENTO,e.ID_PROMOTOR,e.ID_LOCALIDAD,e.AFOROTOTAL,e.DIRECCION,ei.DESCRIPCION,ei.ID_IDIOMA,e.ID_LOCALIDAD  from evento e  INNER JOIN   evento_idioma ei ON ei.ID_EVENTO = e.ID_EVENTO WHERE  ei.NOMBRE LIKE  ? 
2020-03-01 03:38:20.789 INFO  EventoDaoImpl.findByCriteria:158 - resultado de la consulta :select ei.NOMBRE, e.ID_EVENTO,e.FECHA_HORA,e.ID_TIPO_EVENTO,e.ID_PROMOTOR,e.ID_LOCALIDAD,e.AFOROTOTAL,e.DIRECCION,ei.DESCRIPCION,ei.ID_IDIOMA,e.ID_LOCALIDAD  from evento e  INNER JOIN   evento_idioma ei ON ei.ID_EVENTO = e.ID_EVENTO WHERE  ei.NOMBRE LIKE  ? 
2020-03-01 03:38:20.911 FATAL EventoDaoImpl.findByCriteria:199 - no ah ido bien la query :
2020-03-01 03:38:20.911 FATAL EventoDaoImpl.findByCriteria:199 - no ah ido bien la query :
2020-03-01 03:39:37.467 FATAL EventoDaoImpl.findByCriteria:143 - llegamos ad
2020-03-01 03:39:37.467 FATAL EventoDaoImpl.findByCriteria:143 - llegamos ad
2020-03-01 03:39:37.484 FATAL EventoDaoImpl.findByCriteria:145 - llegamos c
2020-03-01 03:39:37.484 FATAL EventoDaoImpl.findByCriteria:145 - llegamos c
2020-03-01 03:39:37.485 INFO  EventoDaoImpl.findByCriteria:158 - resultado de la consulta :select ei.NOMBRE, e.ID_EVENTO,e.FECHA_HORA,e.ID_TIPO_EVENTO,e.ID_PROMOTOR,e.ID_LOCALIDAD,e.AFOROTOTAL,e.DIRECCION,ei.DESCRIPCION,ei.ID_IDIOMA,e.ID_LOCALIDAD  from evento e  INNER JOIN   evento_idioma ei ON ei.ID_EVENTO = e.ID_EVENTO WHERE  ei.NOMBRE LIKE  ? 
2020-03-01 03:39:37.485 INFO  EventoDaoImpl.findByCriteria:158 - resultado de la consulta :select ei.NOMBRE, e.ID_EVENTO,e.FECHA_HORA,e.ID_TIPO_EVENTO,e.ID_PROMOTOR,e.ID_LOCALIDAD,e.AFOROTOTAL,e.DIRECCION,ei.DESCRIPCION,ei.ID_IDIOMA,e.ID_LOCALIDAD  from evento e  INNER JOIN   evento_idioma ei ON ei.ID_EVENTO = e.ID_EVENTO WHERE  ei.NOMBRE LIKE  ? 
2020-03-01 03:39:37.560 FATAL EventoDaoImpl.findByCriteria:180 - llegamos
2020-03-01 03:39:37.560 FATAL EventoDaoImpl.findByCriteria:180 - llegamos
2020-03-01 03:56:56.763 FATAL EventoDaoImpl.findByCriteria:143 - llegamos ad
2020-03-01 03:56:56.763 FATAL EventoDaoImpl.findByCriteria:143 - llegamos ad
2020-03-01 03:56:56.822 FATAL EventoDaoImpl.findByCriteria:145 - llegamos c
2020-03-01 03:56:56.822 FATAL EventoDaoImpl.findByCriteria:145 - llegamos c
2020-03-01 03:56:56.824 INFO  EventoDaoImpl.findByCriteria:158 - resultado de la consulta :select ei.NOMBRE, e.ID_EVENTO,e.FECHA_HORA,e.ID_TIPO_EVENTO,e.ID_PROMOTOR,e.ID_LOCALIDAD,e.AFOROTOTAL,e.DIRECCION,ei.DESCRIPCION,ei.ID_IDIOMA,e.ID_LOCALIDAD  from evento e  INNER JOIN   evento_idioma ei ON ei.ID_EVENTO = e.ID_EVENTO WHERE   UPPER(e.NOMBRE) LIKE UPPER(?) 
2020-03-01 03:56:56.824 INFO  EventoDaoImpl.findByCriteria:158 - resultado de la consulta :select ei.NOMBRE, e.ID_EVENTO,e.FECHA_HORA,e.ID_TIPO_EVENTO,e.ID_PROMOTOR,e.ID_LOCALIDAD,e.AFOROTOTAL,e.DIRECCION,ei.DESCRIPCION,ei.ID_IDIOMA,e.ID_LOCALIDAD  from evento e  INNER JOIN   evento_idioma ei ON ei.ID_EVENTO = e.ID_EVENTO WHERE   UPPER(e.NOMBRE) LIKE UPPER(?) 
2020-03-01 03:56:56.940 FATAL EventoDaoImpl.findByCriteria:180 - llegamos
2020-03-01 03:56:56.940 FATAL EventoDaoImpl.findByCriteria:180 - llegamos
2020-03-01 03:56:57.392 FATAL EventoDaoImpl.findByCriteria:199 - no ah ido bien la query :
2020-03-01 03:56:57.392 FATAL EventoDaoImpl.findByCriteria:199 - no ah ido bien la query :
2020-03-01 03:58:09.922 FATAL EventoDaoImpl.findByCriteria:143 - llegamos ad
2020-03-01 03:58:09.922 FATAL EventoDaoImpl.findByCriteria:143 - llegamos ad
2020-03-01 03:58:09.940 FATAL EventoDaoImpl.findByCriteria:145 - llegamos c
2020-03-01 03:58:09.940 FATAL EventoDaoImpl.findByCriteria:145 - llegamos c
2020-03-01 03:58:09.941 INFO  EventoDaoImpl.findByCriteria:158 - resultado de la consulta :select ei.NOMBRE, e.ID_EVENTO,e.FECHA_HORA,e.ID_TIPO_EVENTO,e.ID_PROMOTOR,e.ID_LOCALIDAD,e.AFOROTOTAL,e.DIRECCION,ei.DESCRIPCION,ei.ID_IDIOMA,e.ID_LOCALIDAD  from evento e  INNER JOIN   evento_idioma ei ON ei.ID_EVENTO = e.ID_EVENTO WHERE  UPPER(ei.NOMBRE) LIKE UPPER ? 
2020-03-01 03:58:09.941 INFO  EventoDaoImpl.findByCriteria:158 - resultado de la consulta :select ei.NOMBRE, e.ID_EVENTO,e.FECHA_HORA,e.ID_TIPO_EVENTO,e.ID_PROMOTOR,e.ID_LOCALIDAD,e.AFOROTOTAL,e.DIRECCION,ei.DESCRIPCION,ei.ID_IDIOMA,e.ID_LOCALIDAD  from evento e  INNER JOIN   evento_idioma ei ON ei.ID_EVENTO = e.ID_EVENTO WHERE  UPPER(ei.NOMBRE) LIKE UPPER ? 
2020-03-01 03:58:10.016 FATAL EventoDaoImpl.findByCriteria:180 - llegamos
2020-03-01 03:58:10.016 FATAL EventoDaoImpl.findByCriteria:180 - llegamos
2020-03-01 03:58:10.129 FATAL EventoDaoImpl.findByCriteria:199 - no ah ido bien la query :
2020-03-01 03:58:10.129 FATAL EventoDaoImpl.findByCriteria:199 - no ah ido bien la query :
2020-03-01 03:58:30.890 FATAL EventoDaoImpl.findByCriteria:143 - llegamos ad
2020-03-01 03:58:30.890 FATAL EventoDaoImpl.findByCriteria:143 - llegamos ad
2020-03-01 03:58:30.907 FATAL EventoDaoImpl.findByCriteria:145 - llegamos c
2020-03-01 03:58:30.907 FATAL EventoDaoImpl.findByCriteria:145 - llegamos c
2020-03-01 03:58:30.908 INFO  EventoDaoImpl.findByCriteria:158 - resultado de la consulta :select ei.NOMBRE, e.ID_EVENTO,e.FECHA_HORA,e.ID_TIPO_EVENTO,e.ID_PROMOTOR,e.ID_LOCALIDAD,e.AFOROTOTAL,e.DIRECCION,ei.DESCRIPCION,ei.ID_IDIOMA,e.ID_LOCALIDAD  from evento e  INNER JOIN   evento_idioma ei ON ei.ID_EVENTO = e.ID_EVENTO WHERE  UPPER(ei.NOMBRE) LIKE UPPER ? 
2020-03-01 03:58:30.908 INFO  EventoDaoImpl.findByCriteria:158 - resultado de la consulta :select ei.NOMBRE, e.ID_EVENTO,e.FECHA_HORA,e.ID_TIPO_EVENTO,e.ID_PROMOTOR,e.ID_LOCALIDAD,e.AFOROTOTAL,e.DIRECCION,ei.DESCRIPCION,ei.ID_IDIOMA,e.ID_LOCALIDAD  from evento e  INNER JOIN   evento_idioma ei ON ei.ID_EVENTO = e.ID_EVENTO WHERE  UPPER(ei.NOMBRE) LIKE UPPER ? 
2020-03-01 03:58:30.984 FATAL EventoDaoImpl.findByCriteria:180 - llegamos
2020-03-01 03:58:30.984 FATAL EventoDaoImpl.findByCriteria:180 - llegamos
2020-03-01 03:58:31.065 FATAL EventoDaoImpl.findByCriteria:199 - no ah ido bien la query :
2020-03-01 03:58:31.065 FATAL EventoDaoImpl.findByCriteria:199 - no ah ido bien la query :
2020-03-01 03:59:50.102 FATAL EventoDaoImpl.findByCriteria:143 - llegamos ad
2020-03-01 03:59:50.102 FATAL EventoDaoImpl.findByCriteria:143 - llegamos ad
2020-03-01 03:59:50.119 FATAL EventoDaoImpl.findByCriteria:145 - llegamos c
2020-03-01 03:59:50.119 FATAL EventoDaoImpl.findByCriteria:145 - llegamos c
2020-03-01 03:59:50.120 INFO  EventoDaoImpl.findByCriteria:158 - resultado de la consulta :select ei.NOMBRE, e.ID_EVENTO,e.FECHA_HORA,e.ID_TIPO_EVENTO,e.ID_PROMOTOR,e.ID_LOCALIDAD,e.AFOROTOTAL,e.DIRECCION,ei.DESCRIPCION,ei.ID_IDIOMA,e.ID_LOCALIDAD  from evento e  INNER JOIN   evento_idioma ei ON ei.ID_EVENTO = e.ID_EVENTO WHERE  UPPER(ei.NOMBRE) LIKE UPPER (?) 
2020-03-01 03:59:50.120 INFO  EventoDaoImpl.findByCriteria:158 - resultado de la consulta :select ei.NOMBRE, e.ID_EVENTO,e.FECHA_HORA,e.ID_TIPO_EVENTO,e.ID_PROMOTOR,e.ID_LOCALIDAD,e.AFOROTOTAL,e.DIRECCION,ei.DESCRIPCION,ei.ID_IDIOMA,e.ID_LOCALIDAD  from evento e  INNER JOIN   evento_idioma ei ON ei.ID_EVENTO = e.ID_EVENTO WHERE  UPPER(ei.NOMBRE) LIKE UPPER (?) 
2020-03-01 03:59:50.198 FATAL EventoDaoImpl.findByCriteria:180 - llegamos
2020-03-01 03:59:50.198 FATAL EventoDaoImpl.findByCriteria:180 - llegamos
2020-03-01 04:00:55.730 FATAL EventoDaoImpl.findByCriteria:143 - llegamos ad
2020-03-01 04:00:55.730 FATAL EventoDaoImpl.findByCriteria:143 - llegamos ad
2020-03-01 04:00:55.750 FATAL EventoDaoImpl.findByCriteria:145 - llegamos c
2020-03-01 04:00:55.750 FATAL EventoDaoImpl.findByCriteria:145 - llegamos c
2020-03-01 04:00:55.751 INFO  EventoDaoImpl.findByCriteria:158 - resultado de la consulta :select ei.NOMBRE, e.ID_EVENTO,e.FECHA_HORA,e.ID_TIPO_EVENTO,e.ID_PROMOTOR,e.ID_LOCALIDAD,e.AFOROTOTAL,e.DIRECCION,ei.DESCRIPCION,ei.ID_IDIOMA,e.ID_LOCALIDAD  from evento e  INNER JOIN   evento_idioma ei ON ei.ID_EVENTO = e.ID_EVENTO WHERE  UPPER(ei.NOMBRE) LIKE UPPER (?) 
2020-03-01 04:00:55.751 INFO  EventoDaoImpl.findByCriteria:158 - resultado de la consulta :select ei.NOMBRE, e.ID_EVENTO,e.FECHA_HORA,e.ID_TIPO_EVENTO,e.ID_PROMOTOR,e.ID_LOCALIDAD,e.AFOROTOTAL,e.DIRECCION,ei.DESCRIPCION,ei.ID_IDIOMA,e.ID_LOCALIDAD  from evento e  INNER JOIN   evento_idioma ei ON ei.ID_EVENTO = e.ID_EVENTO WHERE  UPPER(ei.NOMBRE) LIKE UPPER (?) 
2020-03-01 04:00:55.826 FATAL EventoDaoImpl.findByCriteria:180 - llegamos
2020-03-01 04:00:55.826 FATAL EventoDaoImpl.findByCriteria:180 - llegamos
2020-03-01 08:07:18.119 ERROR UsuarioServiceTest.createUsuario:59 - null
com.evenugo.dao.exceptions.DataException: null
	at com.evenugo.dao.impl.UsuarioDaoImpl.create(UsuarioDaoImpl.java:172) ~[bin/:?]
	at com.evenugo.dao.service.impl.UsuarioServiceImpl.create(UsuarioServiceImpl.java:92) ~[bin/:?]
	at com.evenugo.service.test.UsuarioServiceTest.createUsuario(UsuarioServiceTest.java:54) [bin/:?]
	at com.evenugo.service.test.UsuarioServiceTest.main(UsuarioServiceTest.java:74) [bin/:?]
Caused by: java.sql.SQLException: No value specified for parameter 10
	at com.mysql.cj.jdbc.exceptions.SQLError.createSQLException(SQLError.java:129) ~[mysql-connector-java-8.0.19.jar:8.0.19]
	at com.mysql.cj.jdbc.exceptions.SQLError.createSQLException(SQLError.java:97) ~[mysql-connector-java-8.0.19.jar:8.0.19]
	at com.mysql.cj.jdbc.exceptions.SQLExceptionsMapping.translateException(SQLExceptionsMapping.java:122) ~[mysql-connector-java-8.0.19.jar:8.0.19]
	at com.mysql.cj.jdbc.ClientPreparedStatement.executeUpdateInternal(ClientPreparedStatement.java:1115) ~[mysql-connector-java-8.0.19.jar:8.0.19]
	at com.mysql.cj.jdbc.ClientPreparedStatement.executeUpdateInternal(ClientPreparedStatement.java:1040) ~[mysql-connector-java-8.0.19.jar:8.0.19]
	at com.mysql.cj.jdbc.ClientPreparedStatement.executeLargeUpdate(ClientPreparedStatement.java:1347) ~[mysql-connector-java-8.0.19.jar:8.0.19]
	at com.mysql.cj.jdbc.ClientPreparedStatement.executeUpdate(ClientPreparedStatement.java:1025) ~[mysql-connector-java-8.0.19.jar:8.0.19]
	at com.evenugo.dao.impl.UsuarioDaoImpl.create(UsuarioDaoImpl.java:151) ~[bin/:?]
	... 3 more
2020-03-01 08:07:18.119 ERROR UsuarioServiceTest.createUsuario:59 - null
com.evenugo.dao.exceptions.DataException: null
	at com.evenugo.dao.impl.UsuarioDaoImpl.create(UsuarioDaoImpl.java:172) ~[bin/:?]
	at com.evenugo.dao.service.impl.UsuarioServiceImpl.create(UsuarioServiceImpl.java:92) ~[bin/:?]
	at com.evenugo.service.test.UsuarioServiceTest.createUsuario(UsuarioServiceTest.java:54) [bin/:?]
	at com.evenugo.service.test.UsuarioServiceTest.main(UsuarioServiceTest.java:74) [bin/:?]
Caused by: java.sql.SQLException: No value specified for parameter 10
	at com.mysql.cj.jdbc.exceptions.SQLError.createSQLException(SQLError.java:129) ~[mysql-connector-java-8.0.19.jar:8.0.19]
	at com.mysql.cj.jdbc.exceptions.SQLError.createSQLException(SQLError.java:97) ~[mysql-connector-java-8.0.19.jar:8.0.19]
	at com.mysql.cj.jdbc.exceptions.SQLExceptionsMapping.translateException(SQLExceptionsMapping.java:122) ~[mysql-connector-java-8.0.19.jar:8.0.19]
	at com.mysql.cj.jdbc.ClientPreparedStatement.executeUpdateInternal(ClientPreparedStatement.java:1115) ~[mysql-connector-java-8.0.19.jar:8.0.19]
	at com.mysql.cj.jdbc.ClientPreparedStatement.executeUpdateInternal(ClientPreparedStatement.java:1040) ~[mysql-connector-java-8.0.19.jar:8.0.19]
	at com.mysql.cj.jdbc.ClientPreparedStatement.executeLargeUpdate(ClientPreparedStatement.java:1347) ~[mysql-connector-java-8.0.19.jar:8.0.19]
	at com.mysql.cj.jdbc.ClientPreparedStatement.executeUpdate(ClientPreparedStatement.java:1025) ~[mysql-connector-java-8.0.19.jar:8.0.19]
	at com.evenugo.dao.impl.UsuarioDaoImpl.create(UsuarioDaoImpl.java:151) ~[bin/:?]
	... 3 more
2020-03-01 08:07:18.218 INFO  UsuarioServiceTest.createUsuario:61 - Test created finished.

2020-03-01 08:07:18.218 INFO  UsuarioServiceTest.createUsuario:61 - Test created finished.

2020-03-01 08:15:46.960 ERROR UsuarioServiceTest.createUsuario:59 - null
com.evenugo.dao.exceptions.DataException: null
	at com.evenugo.dao.impl.UsuarioDaoImpl.create(UsuarioDaoImpl.java:172) ~[bin/:?]
	at com.evenugo.dao.service.impl.UsuarioServiceImpl.create(UsuarioServiceImpl.java:92) ~[bin/:?]
	at com.evenugo.service.test.UsuarioServiceTest.createUsuario(UsuarioServiceTest.java:54) [bin/:?]
	at com.evenugo.service.test.UsuarioServiceTest.main(UsuarioServiceTest.java:74) [bin/:?]
Caused by: java.sql.SQLException: No value specified for parameter 10
	at com.mysql.cj.jdbc.exceptions.SQLError.createSQLException(SQLError.java:129) ~[mysql-connector-java-8.0.19.jar:8.0.19]
	at com.mysql.cj.jdbc.exceptions.SQLError.createSQLException(SQLError.java:97) ~[mysql-connector-java-8.0.19.jar:8.0.19]
	at com.mysql.cj.jdbc.exceptions.SQLExceptionsMapping.translateException(SQLExceptionsMapping.java:122) ~[mysql-connector-java-8.0.19.jar:8.0.19]
	at com.mysql.cj.jdbc.ClientPreparedStatement.executeUpdateInternal(ClientPreparedStatement.java:1115) ~[mysql-connector-java-8.0.19.jar:8.0.19]
	at com.mysql.cj.jdbc.ClientPreparedStatement.executeUpdateInternal(ClientPreparedStatement.java:1040) ~[mysql-connector-java-8.0.19.jar:8.0.19]
	at com.mysql.cj.jdbc.ClientPreparedStatement.executeLargeUpdate(ClientPreparedStatement.java:1347) ~[mysql-connector-java-8.0.19.jar:8.0.19]
	at com.mysql.cj.jdbc.ClientPreparedStatement.executeUpdate(ClientPreparedStatement.java:1025) ~[mysql-connector-java-8.0.19.jar:8.0.19]
	at com.evenugo.dao.impl.UsuarioDaoImpl.create(UsuarioDaoImpl.java:151) ~[bin/:?]
	... 3 more
2020-03-01 08:15:46.960 ERROR UsuarioServiceTest.createUsuario:59 - null
com.evenugo.dao.exceptions.DataException: null
	at com.evenugo.dao.impl.UsuarioDaoImpl.create(UsuarioDaoImpl.java:172) ~[bin/:?]
	at com.evenugo.dao.service.impl.UsuarioServiceImpl.create(UsuarioServiceImpl.java:92) ~[bin/:?]
	at com.evenugo.service.test.UsuarioServiceTest.createUsuario(UsuarioServiceTest.java:54) [bin/:?]
	at com.evenugo.service.test.UsuarioServiceTest.main(UsuarioServiceTest.java:74) [bin/:?]
Caused by: java.sql.SQLException: No value specified for parameter 10
	at com.mysql.cj.jdbc.exceptions.SQLError.createSQLException(SQLError.java:129) ~[mysql-connector-java-8.0.19.jar:8.0.19]
	at com.mysql.cj.jdbc.exceptions.SQLError.createSQLException(SQLError.java:97) ~[mysql-connector-java-8.0.19.jar:8.0.19]
	at com.mysql.cj.jdbc.exceptions.SQLExceptionsMapping.translateException(SQLExceptionsMapping.java:122) ~[mysql-connector-java-8.0.19.jar:8.0.19]
	at com.mysql.cj.jdbc.ClientPreparedStatement.executeUpdateInternal(ClientPreparedStatement.java:1115) ~[mysql-connector-java-8.0.19.jar:8.0.19]
	at com.mysql.cj.jdbc.ClientPreparedStatement.executeUpdateInternal(ClientPreparedStatement.java:1040) ~[mysql-connector-java-8.0.19.jar:8.0.19]
	at com.mysql.cj.jdbc.ClientPreparedStatement.executeLargeUpdate(ClientPreparedStatement.java:1347) ~[mysql-connector-java-8.0.19.jar:8.0.19]
	at com.mysql.cj.jdbc.ClientPreparedStatement.executeUpdate(ClientPreparedStatement.java:1025) ~[mysql-connector-java-8.0.19.jar:8.0.19]
	at com.evenugo.dao.impl.UsuarioDaoImpl.create(UsuarioDaoImpl.java:151) ~[bin/:?]
	... 3 more
2020-03-01 08:15:47.033 INFO  UsuarioServiceTest.createUsuario:61 - Test created finished.

2020-03-01 08:15:47.033 INFO  UsuarioServiceTest.createUsuario:61 - Test created finished.

2020-03-01 08:16:33.295 ERROR UsuarioServiceTest.createUsuario:58 - null
com.evenugo.dao.exceptions.DataException: null
	at com.evenugo.dao.impl.UsuarioDaoImpl.create(UsuarioDaoImpl.java:172) ~[bin/:?]
	at com.evenugo.dao.service.impl.UsuarioServiceImpl.create(UsuarioServiceImpl.java:92) ~[bin/:?]
	at com.evenugo.service.test.UsuarioServiceTest.createUsuario(UsuarioServiceTest.java:53) [bin/:?]
	at com.evenugo.service.test.UsuarioServiceTest.main(UsuarioServiceTest.java:73) [bin/:?]
Caused by: java.sql.SQLException: No value specified for parameter 10
	at com.mysql.cj.jdbc.exceptions.SQLError.createSQLException(SQLError.java:129) ~[mysql-connector-java-8.0.19.jar:8.0.19]
	at com.mysql.cj.jdbc.exceptions.SQLError.createSQLException(SQLError.java:97) ~[mysql-connector-java-8.0.19.jar:8.0.19]
	at com.mysql.cj.jdbc.exceptions.SQLExceptionsMapping.translateException(SQLExceptionsMapping.java:122) ~[mysql-connector-java-8.0.19.jar:8.0.19]
	at com.mysql.cj.jdbc.ClientPreparedStatement.executeUpdateInternal(ClientPreparedStatement.java:1115) ~[mysql-connector-java-8.0.19.jar:8.0.19]
	at com.mysql.cj.jdbc.ClientPreparedStatement.executeUpdateInternal(ClientPreparedStatement.java:1040) ~[mysql-connector-java-8.0.19.jar:8.0.19]
	at com.mysql.cj.jdbc.ClientPreparedStatement.executeLargeUpdate(ClientPreparedStatement.java:1347) ~[mysql-connector-java-8.0.19.jar:8.0.19]
	at com.mysql.cj.jdbc.ClientPreparedStatement.executeUpdate(ClientPreparedStatement.java:1025) ~[mysql-connector-java-8.0.19.jar:8.0.19]
	at com.evenugo.dao.impl.UsuarioDaoImpl.create(UsuarioDaoImpl.java:151) ~[bin/:?]
	... 3 more
2020-03-01 08:16:33.295 ERROR UsuarioServiceTest.createUsuario:58 - null
com.evenugo.dao.exceptions.DataException: null
	at com.evenugo.dao.impl.UsuarioDaoImpl.create(UsuarioDaoImpl.java:172) ~[bin/:?]
	at com.evenugo.dao.service.impl.UsuarioServiceImpl.create(UsuarioServiceImpl.java:92) ~[bin/:?]
	at com.evenugo.service.test.UsuarioServiceTest.createUsuario(UsuarioServiceTest.java:53) [bin/:?]
	at com.evenugo.service.test.UsuarioServiceTest.main(UsuarioServiceTest.java:73) [bin/:?]
Caused by: java.sql.SQLException: No value specified for parameter 10
	at com.mysql.cj.jdbc.exceptions.SQLError.createSQLException(SQLError.java:129) ~[mysql-connector-java-8.0.19.jar:8.0.19]
	at com.mysql.cj.jdbc.exceptions.SQLError.createSQLException(SQLError.java:97) ~[mysql-connector-java-8.0.19.jar:8.0.19]
	at com.mysql.cj.jdbc.exceptions.SQLExceptionsMapping.translateException(SQLExceptionsMapping.java:122) ~[mysql-connector-java-8.0.19.jar:8.0.19]
	at com.mysql.cj.jdbc.ClientPreparedStatement.executeUpdateInternal(ClientPreparedStatement.java:1115) ~[mysql-connector-java-8.0.19.jar:8.0.19]
	at com.mysql.cj.jdbc.ClientPreparedStatement.executeUpdateInternal(ClientPreparedStatement.java:1040) ~[mysql-connector-java-8.0.19.jar:8.0.19]
	at com.mysql.cj.jdbc.ClientPreparedStatement.executeLargeUpdate(ClientPreparedStatement.java:1347) ~[mysql-connector-java-8.0.19.jar:8.0.19]
	at com.mysql.cj.jdbc.ClientPreparedStatement.executeUpdate(ClientPreparedStatement.java:1025) ~[mysql-connector-java-8.0.19.jar:8.0.19]
	at com.evenugo.dao.impl.UsuarioDaoImpl.create(UsuarioDaoImpl.java:151) ~[bin/:?]
	... 3 more
2020-03-01 08:16:33.341 INFO  UsuarioServiceTest.createUsuario:60 - Test created finished.

2020-03-01 08:16:33.341 INFO  UsuarioServiceTest.createUsuario:60 - Test created finished.

2020-03-01 20:51:38.653 ERROR UsuarioServiceTest.createUsuario:58 - null
com.evenugo.dao.exceptions.DataException: null
	at com.evenugo.dao.impl.UsuarioDaoImpl.create(UsuarioDaoImpl.java:172) ~[bin/:?]
	at com.evenugo.dao.service.impl.UsuarioServiceImpl.create(UsuarioServiceImpl.java:92) ~[bin/:?]
	at com.evenugo.service.test.UsuarioServiceTest.createUsuario(UsuarioServiceTest.java:53) [bin/:?]
	at com.evenugo.service.test.UsuarioServiceTest.main(UsuarioServiceTest.java:73) [bin/:?]
Caused by: java.sql.SQLException: No value specified for parameter 10
	at com.mysql.cj.jdbc.exceptions.SQLError.createSQLException(SQLError.java:129) ~[mysql-connector-java-8.0.19.jar:8.0.19]
	at com.mysql.cj.jdbc.exceptions.SQLError.createSQLException(SQLError.java:97) ~[mysql-connector-java-8.0.19.jar:8.0.19]
	at com.mysql.cj.jdbc.exceptions.SQLExceptionsMapping.translateException(SQLExceptionsMapping.java:122) ~[mysql-connector-java-8.0.19.jar:8.0.19]
	at com.mysql.cj.jdbc.ClientPreparedStatement.executeUpdateInternal(ClientPreparedStatement.java:1115) ~[mysql-connector-java-8.0.19.jar:8.0.19]
	at com.mysql.cj.jdbc.ClientPreparedStatement.executeUpdateInternal(ClientPreparedStatement.java:1040) ~[mysql-connector-java-8.0.19.jar:8.0.19]
	at com.mysql.cj.jdbc.ClientPreparedStatement.executeLargeUpdate(ClientPreparedStatement.java:1347) ~[mysql-connector-java-8.0.19.jar:8.0.19]
	at com.mysql.cj.jdbc.ClientPreparedStatement.executeUpdate(ClientPreparedStatement.java:1025) ~[mysql-connector-java-8.0.19.jar:8.0.19]
	at com.evenugo.dao.impl.UsuarioDaoImpl.create(UsuarioDaoImpl.java:151) ~[bin/:?]
	... 3 more
2020-03-01 20:51:38.653 ERROR UsuarioServiceTest.createUsuario:58 - null
com.evenugo.dao.exceptions.DataException: null
	at com.evenugo.dao.impl.UsuarioDaoImpl.create(UsuarioDaoImpl.java:172) ~[bin/:?]
	at com.evenugo.dao.service.impl.UsuarioServiceImpl.create(UsuarioServiceImpl.java:92) ~[bin/:?]
	at com.evenugo.service.test.UsuarioServiceTest.createUsuario(UsuarioServiceTest.java:53) [bin/:?]
	at com.evenugo.service.test.UsuarioServiceTest.main(UsuarioServiceTest.java:73) [bin/:?]
Caused by: java.sql.SQLException: No value specified for parameter 10
	at com.mysql.cj.jdbc.exceptions.SQLError.createSQLException(SQLError.java:129) ~[mysql-connector-java-8.0.19.jar:8.0.19]
	at com.mysql.cj.jdbc.exceptions.SQLError.createSQLException(SQLError.java:97) ~[mysql-connector-java-8.0.19.jar:8.0.19]
	at com.mysql.cj.jdbc.exceptions.SQLExceptionsMapping.translateException(SQLExceptionsMapping.java:122) ~[mysql-connector-java-8.0.19.jar:8.0.19]
	at com.mysql.cj.jdbc.ClientPreparedStatement.executeUpdateInternal(ClientPreparedStatement.java:1115) ~[mysql-connector-java-8.0.19.jar:8.0.19]
	at com.mysql.cj.jdbc.ClientPreparedStatement.executeUpdateInternal(ClientPreparedStatement.java:1040) ~[mysql-connector-java-8.0.19.jar:8.0.19]
	at com.mysql.cj.jdbc.ClientPreparedStatement.executeLargeUpdate(ClientPreparedStatement.java:1347) ~[mysql-connector-java-8.0.19.jar:8.0.19]
	at com.mysql.cj.jdbc.ClientPreparedStatement.executeUpdate(ClientPreparedStatement.java:1025) ~[mysql-connector-java-8.0.19.jar:8.0.19]
	at com.evenugo.dao.impl.UsuarioDaoImpl.create(UsuarioDaoImpl.java:151) ~[bin/:?]
	... 3 more
2020-03-01 20:51:38.902 INFO  UsuarioServiceTest.createUsuario:60 - Test created finished.

2020-03-01 20:51:38.902 INFO  UsuarioServiceTest.createUsuario:60 - Test created finished.

2020-03-01 21:08:46.133 ERROR UsuarioServiceTest.createUsuario:58 - null
com.evenugo.dao.exceptions.DataException: null
	at com.evenugo.dao.impl.UsuarioDaoImpl.create(UsuarioDaoImpl.java:172) ~[bin/:?]
	at com.evenugo.dao.service.impl.UsuarioServiceImpl.create(UsuarioServiceImpl.java:92) ~[bin/:?]
	at com.evenugo.service.test.UsuarioServiceTest.createUsuario(UsuarioServiceTest.java:53) [bin/:?]
	at com.evenugo.service.test.UsuarioServiceTest.main(UsuarioServiceTest.java:73) [bin/:?]
Caused by: java.sql.SQLException: No value specified for parameter 10
	at com.mysql.cj.jdbc.exceptions.SQLError.createSQLException(SQLError.java:129) ~[mysql-connector-java-8.0.19.jar:8.0.19]
	at com.mysql.cj.jdbc.exceptions.SQLError.createSQLException(SQLError.java:97) ~[mysql-connector-java-8.0.19.jar:8.0.19]
	at com.mysql.cj.jdbc.exceptions.SQLExceptionsMapping.translateException(SQLExceptionsMapping.java:122) ~[mysql-connector-java-8.0.19.jar:8.0.19]
	at com.mysql.cj.jdbc.ClientPreparedStatement.executeUpdateInternal(ClientPreparedStatement.java:1115) ~[mysql-connector-java-8.0.19.jar:8.0.19]
	at com.mysql.cj.jdbc.ClientPreparedStatement.executeUpdateInternal(ClientPreparedStatement.java:1040) ~[mysql-connector-java-8.0.19.jar:8.0.19]
	at com.mysql.cj.jdbc.ClientPreparedStatement.executeLargeUpdate(ClientPreparedStatement.java:1347) ~[mysql-connector-java-8.0.19.jar:8.0.19]
	at com.mysql.cj.jdbc.ClientPreparedStatement.executeUpdate(ClientPreparedStatement.java:1025) ~[mysql-connector-java-8.0.19.jar:8.0.19]
	at com.evenugo.dao.impl.UsuarioDaoImpl.create(UsuarioDaoImpl.java:151) ~[bin/:?]
	... 3 more
2020-03-01 21:08:46.133 ERROR UsuarioServiceTest.createUsuario:58 - null
com.evenugo.dao.exceptions.DataException: null
	at com.evenugo.dao.impl.UsuarioDaoImpl.create(UsuarioDaoImpl.java:172) ~[bin/:?]
	at com.evenugo.dao.service.impl.UsuarioServiceImpl.create(UsuarioServiceImpl.java:92) ~[bin/:?]
	at com.evenugo.service.test.UsuarioServiceTest.createUsuario(UsuarioServiceTest.java:53) [bin/:?]
	at com.evenugo.service.test.UsuarioServiceTest.main(UsuarioServiceTest.java:73) [bin/:?]
Caused by: java.sql.SQLException: No value specified for parameter 10
	at com.mysql.cj.jdbc.exceptions.SQLError.createSQLException(SQLError.java:129) ~[mysql-connector-java-8.0.19.jar:8.0.19]
	at com.mysql.cj.jdbc.exceptions.SQLError.createSQLException(SQLError.java:97) ~[mysql-connector-java-8.0.19.jar:8.0.19]
	at com.mysql.cj.jdbc.exceptions.SQLExceptionsMapping.translateException(SQLExceptionsMapping.java:122) ~[mysql-connector-java-8.0.19.jar:8.0.19]
	at com.mysql.cj.jdbc.ClientPreparedStatement.executeUpdateInternal(ClientPreparedStatement.java:1115) ~[mysql-connector-java-8.0.19.jar:8.0.19]
	at com.mysql.cj.jdbc.ClientPreparedStatement.executeUpdateInternal(ClientPreparedStatement.java:1040) ~[mysql-connector-java-8.0.19.jar:8.0.19]
	at com.mysql.cj.jdbc.ClientPreparedStatement.executeLargeUpdate(ClientPreparedStatement.java:1347) ~[mysql-connector-java-8.0.19.jar:8.0.19]
	at com.mysql.cj.jdbc.ClientPreparedStatement.executeUpdate(ClientPreparedStatement.java:1025) ~[mysql-connector-java-8.0.19.jar:8.0.19]
	at com.evenugo.dao.impl.UsuarioDaoImpl.create(UsuarioDaoImpl.java:151) ~[bin/:?]
	... 3 more
2020-03-01 21:08:46.218 INFO  UsuarioServiceTest.createUsuario:60 - Test created finished.

2020-03-01 21:08:46.218 INFO  UsuarioServiceTest.createUsuario:60 - Test created finished.

